"../../../Engine/Content/Functions/Engine_MaterialFunctions01/Shading/PowerToRoughness.uasset" 0
"../../../Engine/Content/Functions/Engine_MaterialFunctions01/Shading/PowerToRoughness.uexp" 1
"../../../Engine/Content/Functions/Engine_MaterialFunctions01/Shading/ConvertFromDiffSpec.uasset" 2
"../../../Engine/Content/Functions/Engine_MaterialFunctions01/Shading/ConvertFromDiffSpec.uexp" 3
"../../../Engine/Content/EngineSounds/Master.uasset" 4
"../../../Engine/Content/EngineSounds/Master.uexp" 5
"../../../Engine/Content/EngineSky/VolumetricClouds/CloudWeatherTexture.uasset" 6
"../../../Engine/Content/EngineSky/VolumetricClouds/CloudWeatherTexture.uexp" 7
"../../../Engine/Content/Functions/Engine_MaterialFunctions02/Utility/MakeFloat2.uasset" 8
"../../../Engine/Content/Functions/Engine_MaterialFunctions02/Utility/MakeFloat2.uexp" 9
"../../../Engine/Content/EngineSky/VolumetricClouds/CloudGradientTexture.uasset" 10
"../../../Engine/Content/EngineSky/VolumetricClouds/CloudGradientTexture.uexp" 11
"../../../Engine/Content/EngineSky/VolumetricClouds/T_NoiseShape64.ubulk" 12
"../../../Engine/Content/EngineSky/VolumetricClouds/T_NoiseShape64.uasset" 13
"../../../Engine/Content/EngineSky/VolumetricClouds/T_NoiseShape64.uexp" 14
"../../../Engine/Content/EngineSky/VolumetricClouds/T_VolumeNoiseShape64.uasset" 15
"../../../Engine/Content/EngineSky/VolumetricClouds/T_VolumeNoiseShape64.uexp" 16
"../../../Engine/Content/EngineSky/VolumetricClouds/T_NoiseErosion.ubulk" 17
"../../../Engine/Content/EngineSky/VolumetricClouds/T_NoiseErosion.uasset" 18
"../../../Engine/Content/EngineSky/VolumetricClouds/T_NoiseErosion.uexp" 19
"../../../Engine/Content/EngineSky/VolumetricClouds/T_VolumeNoiseErosion32.uasset" 20
"../../../Engine/Content/EngineSky/VolumetricClouds/T_VolumeNoiseErosion32.uexp" 21
"../../../Engine/Content/EngineSky/VolumetricClouds/m_SimpleVolumetricCloud.uasset" 22
"../../../Engine/Content/EngineSky/VolumetricClouds/m_SimpleVolumetricCloud.uexp" 23
"../../../Engine/Content/EngineSky/VolumetricClouds/m_SimpleVolumetricCloud_Inst.uasset" 24
"../../../Engine/Content/EngineSky/VolumetricClouds/m_SimpleVolumetricCloud_Inst.uexp" 25
"../../../Engine/Content/EngineResources/GradientTexture0.uasset" 26
"../../../Engine/Content/EngineResources/GradientTexture0.uexp" 27
"../../../Engine/Content/EngineResources/DefaultVolumeTexture2D.uasset" 28
"../../../Engine/Content/EngineResources/DefaultVolumeTexture2D.uexp" 29
"../../../Engine/Content/EngineResources/DefaultVolumeTexture.uasset" 30
"../../../Engine/Content/EngineResources/DefaultVolumeTexture.uexp" 31
"../../../Engine/Content/EngineResources/DefaultTextureCube.uasset" 32
"../../../Engine/Content/EngineResources/DefaultTextureCube.uexp" 33
"../../../Engine/Content/EngineResources/DefaultTexture.ubulk" 34
"../../../Engine/Content/EngineResources/DefaultTexture.uasset" 35
"../../../Engine/Content/EngineResources/DefaultTexture.uexp" 36
"../../../Engine/Content/EngineResources/FilmGrains/Marcie_Grain_v3_128_M2_000.uasset" 37
"../../../Engine/Content/EngineResources/FilmGrains/Marcie_Grain_v3_128_M2_000.uexp" 38
"../../../Engine/Content/EngineMeshes/Sphere.uasset" 39
"../../../Engine/Content/EngineMeshes/Sphere.uexp" 40
"../../../Engine/Content/EngineResources/WhiteSquareTexture.uasset" 41
"../../../Engine/Content/EngineResources/WhiteSquareTexture.uexp" 42
"../../../Engine/Content/EngineMaterials/Widget3DPassThrough.uasset" 43
"../../../Engine/Content/EngineMaterials/Widget3DPassThrough.uexp" 44
"../../../Engine/Content/EngineMaterials/Widget3DPassThrough_Translucent.uasset" 45
"../../../Engine/Content/EngineMaterials/Widget3DPassThrough_Translucent.uexp" 46
"../../../Engine/Content/EngineMaterials/Widget3DPassThrough_Translucent_OneSided.uasset" 47
"../../../Engine/Content/EngineMaterials/Widget3DPassThrough_Translucent_OneSided.uexp" 48
"../../../Engine/Content/EngineMaterials/Widget3DPassThrough_Opaque.uasset" 49
"../../../Engine/Content/EngineMaterials/Widget3DPassThrough_Opaque.uexp" 50
"../../../Engine/Content/EngineMaterials/Widget3DPassThrough_Opaque_OneSided.uasset" 51
"../../../Engine/Content/EngineMaterials/Widget3DPassThrough_Opaque_OneSided.uexp" 52
"../../../Engine/Content/EngineMaterials/Widget3DPassThrough_Masked_OneSided.uasset" 53
"../../../Engine/Content/EngineMaterials/Widget3DPassThrough_Masked_OneSided.uexp" 54
"../../../Engine/Content/EngineMaterials/Widget3DPassThrough_Masked.uasset" 55
"../../../Engine/Content/EngineMaterials/Widget3DPassThrough_Masked.uexp" 56
"../../../Engine/Content/EngineMaterials/WeightMapPlaceholderTexture.uasset" 57
"../../../Engine/Content/EngineMaterials/WeightMapPlaceholderTexture.uexp" 58
"../../../Engine/Content/EngineMaterials/RemoveSurfaceMaterial.uasset" 59
"../../../Engine/Content/EngineMaterials/RemoveSurfaceMaterial.uexp" 60
"../../../Engine/Content/EngineMaterials/PreintegratedSkinBRDF.uasset" 61
"../../../Engine/Content/EngineMaterials/PreintegratedSkinBRDF.uexp" 62
"../../../Engine/Content/EngineMaterials/DefaultCalibrationGrayscale.uasset" 63
"../../../Engine/Content/EngineMaterials/DefaultCalibrationGrayscale.uexp" 64
"../../../Engine/Content/EngineMaterials/PPM_DefaultCalibrationGrayscale.uasset" 65
"../../../Engine/Content/EngineMaterials/PPM_DefaultCalibrationGrayscale.uexp" 66
"../../../Engine/Content/EngineMaterials/DefaultCalibrationColor.uasset" 67
"../../../Engine/Content/EngineMaterials/DefaultCalibrationColor.uexp" 68
"../../../Engine/Content/EngineMaterials/PPM_DefaultCalibrationColor.uasset" 69
"../../../Engine/Content/EngineMaterials/PPM_DefaultCalibrationColor.uexp" 70
"../../../Engine/Content/Functions/Engine_MaterialFunctions02/WorldPositionOffset/CameraOffset.uasset" 71
"../../../Engine/Content/Functions/Engine_MaterialFunctions02/WorldPositionOffset/CameraOffset.uexp" 72
"../../../Engine/Content/EngineMaterials/PhAT_JointLimitMaterial.uasset" 73
"../../../Engine/Content/EngineMaterials/PhAT_JointLimitMaterial.uexp" 74
"../../../Engine/Content/EngineMaterials/InvalidLightmapSettings.ubulk" 75
"../../../Engine/Content/EngineMaterials/InvalidLightmapSettings.uasset" 76
"../../../Engine/Content/EngineMaterials/InvalidLightmapSettings.uexp" 77
"../../../Engine/Content/EngineMaterials/M_InvalidLightmapSettings.uasset" 78
"../../../Engine/Content/EngineMaterials/M_InvalidLightmapSettings.uexp" 79
"../../../Engine/Content/EngineMaterials/MiniFont.uasset" 80
"../../../Engine/Content/EngineMaterials/MiniFont.uexp" 81
"../../../Engine/Content/EngineMaterials/Good64x64TilingNoiseHighFreq.uasset" 82
"../../../Engine/Content/EngineMaterials/Good64x64TilingNoiseHighFreq.uexp" 83
"../../../Engine/Content/EngineMaterials/GizmoMaterial.uasset" 84
"../../../Engine/Content/EngineMaterials/GizmoMaterial.uexp" 85
"../../../Engine/Content/EngineMaterials/BaseFlattenEmissiveMap_VT.uasset" 86
"../../../Engine/Content/EngineMaterials/BaseFlattenEmissiveMap_VT.uexp" 87
"../../../Engine/Content/EngineMaterials/BaseFlattenGrayscaleMap_VT.uasset" 88
"../../../Engine/Content/EngineMaterials/BaseFlattenGrayscaleMap_VT.uexp" 89
"../../../Engine/Content/EngineMaterials/BaseFlattenLinearColor_VT.uasset" 90
"../../../Engine/Content/EngineMaterials/BaseFlattenLinearColor_VT.uexp" 91
"../../../Engine/Content/EngineMaterials/Black_1x1_EXR_Texture_VT.uasset" 92
"../../../Engine/Content/EngineMaterials/Black_1x1_EXR_Texture_VT.uexp" 93
"../../../Engine/Content/EngineMaterials/BaseFlattenDiffuseMap_VT.uasset" 94
"../../../Engine/Content/EngineMaterials/BaseFlattenDiffuseMap_VT.uexp" 95
"../../../Engine/Content/EngineMaterials/BaseFlattenNormalMap_VT.uasset" 96
"../../../Engine/Content/EngineMaterials/BaseFlattenNormalMap_VT.uexp" 97
"../../../Engine/Content/EngineMaterials/FlattenMaterial_WS_Normal_VT.uasset" 98
"../../../Engine/Content/EngineMaterials/FlattenMaterial_WS_Normal_VT.uexp" 99
"../../../Engine/Content/EngineMaterials/FlattenMaterial_VT.uasset" 100
"../../../Engine/Content/EngineMaterials/FlattenMaterial_VT.uexp" 101
"../../../Engine/Content/EngineMaterials/BaseFlattenNormalMap.uasset" 102
"../../../Engine/Content/EngineMaterials/BaseFlattenNormalMap.uexp" 103
"../../../Engine/Content/EngineMaterials/BaseFlattenGrayscaleMap.uasset" 104
"../../../Engine/Content/EngineMaterials/BaseFlattenGrayscaleMap.uexp" 105
"../../../Engine/Content/EngineMaterials/BaseFlattenDiffuseMap.uasset" 106
"../../../Engine/Content/EngineMaterials/BaseFlattenDiffuseMap.uexp" 107
"../../../Engine/Content/Functions/Engine_MaterialFunctions02/PivotPainter2/Black_1x1_EXR_Texture.uasset" 108
"../../../Engine/Content/Functions/Engine_MaterialFunctions02/PivotPainter2/Black_1x1_EXR_Texture.uexp" 109
"../../../Engine/Content/EngineMaterials/BaseFlattenEmissiveMap.uasset" 110
"../../../Engine/Content/EngineMaterials/BaseFlattenEmissiveMap.uexp" 111
"../../../Engine/Content/EngineMaterials/BaseFlattenLinearColor.uasset" 112
"../../../Engine/Content/EngineMaterials/BaseFlattenLinearColor.uexp" 113
"../../../Engine/Content/EngineMaterials/FlattenMaterial.uasset" 114
"../../../Engine/Content/EngineMaterials/FlattenMaterial.uexp" 115
"../../../Engine/Content/EngineMaterials/DefaultWhiteGrid_Low.uasset" 116
"../../../Engine/Content/EngineMaterials/DefaultWhiteGrid_Low.uexp" 117
"../../../Engine/Content/EngineMaterials/EmissiveMeshMaterial.uasset" 118
"../../../Engine/Content/EngineMaterials/EmissiveMeshMaterial.uexp" 119
"../../../Engine/Content/EngineMaterials/DefaultWhiteGrid.ubulk" 120
"../../../Engine/Content/EngineMaterials/DefaultWhiteGrid.uasset" 121
"../../../Engine/Content/EngineMaterials/DefaultWhiteGrid.uexp" 122
"../../../Engine/Content/EngineFonts/RobotoDistanceField.uasset" 123
"../../../Engine/Content/EngineFonts/RobotoDistanceField.uexp" 124
"../../../Engine/Content/EngineMaterials/DefaultTextMaterialOpaque.uasset" 125
"../../../Engine/Content/EngineMaterials/DefaultTextMaterialOpaque.uexp" 126
"../../../Engine/Content/EngineMaterials/DefaultDiffuse.ubulk" 127
"../../../Engine/Content/EngineMaterials/DefaultDiffuse.uasset" 128
"../../../Engine/Content/EngineMaterials/DefaultDiffuse.uexp" 129
"../../../Engine/Content/Functions/Engine_MaterialFunctions02/Utility/BreakOutFloat2Components.uasset" 130
"../../../Engine/Content/Functions/Engine_MaterialFunctions02/Utility/BreakOutFloat2Components.uexp" 131
"../../../Engine/Content/EngineMaterials/DefaultPostProcessMaterial.uasset" 132
"../../../Engine/Content/EngineMaterials/DefaultPostProcessMaterial.uexp" 133
"../../../Engine/Content/EngineMaterials/DefaultPhysicalMaterial.uasset" 134
"../../../Engine/Content/EngineMaterials/DefaultPhysicalMaterial.uexp" 135
"../../../Engine/Content/EngineMaterials/DefaultLightFunctionMaterial.uasset" 136
"../../../Engine/Content/EngineMaterials/DefaultLightFunctionMaterial.uexp" 137
"../../../Engine/Content/EngineMaterials/DefaultDestructiblePhysicalMaterial.uasset" 138
"../../../Engine/Content/EngineMaterials/DefaultDestructiblePhysicalMaterial.uexp" 139
"../../../Engine/Content/EngineMaterials/DefaultDeferredDecalMaterial.uasset" 140
"../../../Engine/Content/EngineMaterials/DefaultDeferredDecalMaterial.uexp" 141
"../../../Engine/Content/EngineMaterials/DefaultBokeh.uasset" 142
"../../../Engine/Content/EngineMaterials/DefaultBokeh.uexp" 143
"../../../Engine/Content/EngineMaterials/DefaultBloomKernel.uasset" 144
"../../../Engine/Content/EngineMaterials/DefaultBloomKernel.uexp" 145
"../../../Engine/Content/EngineMaterials/BlueNoise.uasset" 146
"../../../Engine/Content/EngineMaterials/BlueNoise.uexp" 147
"../../../Engine/Content/EngineFonts/Faces/RobotoLight.uexp" 148
"../../../Engine/Content/EngineFonts/Faces/RobotoLight.uasset" 149
"../../../Engine/Content/EngineFonts/Faces/RobotoLight.ufont" 150
"../../../Engine/Content/EngineFonts/Faces/RobotoBold.uexp" 151
"../../../Engine/Content/EngineFonts/Faces/RobotoBold.uasset" 152
"../../../Engine/Content/EngineFonts/Faces/RobotoBold.ufont" 153
"../../../Engine/Content/EngineFonts/Faces/RobotoRegular.uexp" 154
"../../../Engine/Content/EngineFonts/Faces/RobotoRegular.uasset" 155
"../../../Engine/Content/EngineFonts/Faces/RobotoRegular.ufont" 156
"../../../Engine/Content/EngineFonts/Faces/DroidSansFallback.uexp" 157
"../../../Engine/Content/EngineFonts/Faces/DroidSansFallback.uasset" 158
"../../../Engine/Content/EngineFonts/Faces/DroidSansFallback.ufont" 159
"../../../Engine/Content/EngineFonts/Faces/RobotoItalic.uexp" 160
"../../../Engine/Content/EngineFonts/Faces/RobotoItalic.uasset" 161
"../../../Engine/Content/EngineFonts/Faces/RobotoItalic.ufont" 162
"../../../Engine/Content/EngineFonts/Faces/RobotoBoldItalic.uexp" 163
"../../../Engine/Content/EngineFonts/Faces/RobotoBoldItalic.uasset" 164
"../../../Engine/Content/EngineFonts/Faces/RobotoBoldItalic.ufont" 165
"../../../Engine/Content/EngineFonts/Roboto.uasset" 166
"../../../Engine/Content/EngineFonts/Roboto.uexp" 167
"../../../Engine/Content/Functions/Engine_MaterialFunctions02/Utility/CameraDirectionVector.uasset" 168
"../../../Engine/Content/Functions/Engine_MaterialFunctions02/Utility/CameraDirectionVector.uexp" 169
"../../../Engine/Content/EngineDebugMaterials/VolumeToRender.uasset" 170
"../../../Engine/Content/EngineDebugMaterials/VolumeToRender.uexp" 171
"../../../Engine/Content/EngineDebugMaterials/M_VolumeRenderSphereTracePP.uasset" 172
"../../../Engine/Content/EngineDebugMaterials/M_VolumeRenderSphereTracePP.uexp" 173
"../../../Engine/Content/EngineDebugMaterials/M_SimpleUnlitTranslucent.uasset" 174
"../../../Engine/Content/EngineDebugMaterials/M_SimpleUnlitTranslucent.uexp" 175
"../../../Engine/Content/EngineDebugMaterials/DebugMeshMaterial.uasset" 176
"../../../Engine/Content/EngineDebugMaterials/DebugMeshMaterial.uexp" 177
"../../../Engine/Content/EngineDebugMaterials/DebugEditorMaterial.uasset" 178
"../../../Engine/Content/EngineDebugMaterials/DebugEditorMaterial.uexp" 179
"../../../Engine/Content/EngineDamageTypes/DmgTypeBP_Environmental.uasset" 180
"../../../Engine/Content/EngineDamageTypes/DmgTypeBP_Environmental.uexp" 181
"../../../Engine/Content/EditorResources/S_TriggerSphere.uasset" 182
"../../../Engine/Content/EditorResources/S_TriggerSphere.uexp" 183
"../../../Engine/Content/EditorResources/S_TriggerCapsule.uasset" 184
"../../../Engine/Content/EditorResources/S_TriggerCapsule.uexp" 185
"../../../Engine/Content/EditorResources/S_TriggerBox.uasset" 186
"../../../Engine/Content/EditorResources/S_TriggerBox.uexp" 187
"../../../Engine/Content/EditorResources/S_Trigger.ubulk" 188
"../../../Engine/Content/EditorResources/S_Trigger.uasset" 189
"../../../Engine/Content/EditorResources/S_Trigger.uexp" 190
"../../../Engine/Content/EditorResources/S_Terrain.ubulk" 191
"../../../Engine/Content/EditorResources/S_Terrain.uasset" 192
"../../../Engine/Content/EditorResources/S_Terrain.uexp" 193
"../../../Engine/Content/EditorResources/S_Solver.ubulk" 194
"../../../Engine/Content/EditorResources/S_Solver.uasset" 195
"../../../Engine/Content/EditorResources/S_Solver.uexp" 196
"../../../Engine/Content/EditorResources/S_BoxReflectionCapture.uasset" 197
"../../../Engine/Content/EditorResources/S_BoxReflectionCapture.uexp" 198
"../../../Engine/Content/EditorResources/S_Actor.ubulk" 199
"../../../Engine/Content/EditorResources/S_Actor.uasset" 200
"../../../Engine/Content/EditorResources/S_Actor.uexp" 201
"../../../Engine/Content/EditorResources/EmptyActor.uasset" 202
"../../../Engine/Content/EditorResources/EmptyActor.uexp" 203
"../../../Engine/Content/EditorResources/BSPVertex.uasset" 204
"../../../Engine/Content/EditorResources/BSPVertex.uexp" 205
"../../../Engine/Content/EditorResources/SequenceRecorder/RecordingIndicator.uasset" 206
"../../../Engine/Content/EditorResources/SequenceRecorder/RecordingIndicator.uexp" 207
"../../../Engine/Content/EditorResources/SequenceRecorder/Countdown.uasset" 208
"../../../Engine/Content/EditorResources/SequenceRecorder/Countdown.uexp" 209
"../../../Engine/Content/EditorMaterials/Camera/CineMat.uasset" 210
"../../../Engine/Content/EditorMaterials/Camera/CineMat.uexp" 211
"../../../Engine/Content/EditorMaterials/Camera/MI_CineMat_Rig.uasset" 212
"../../../Engine/Content/EditorMaterials/Camera/MI_CineMat_Rig.uexp" 213
"../../../Engine/Content/EditorMeshes/Camera/SM_RailRig_Track.uasset" 214
"../../../Engine/Content/EditorMeshes/Camera/SM_RailRig_Track.uexp" 215
"../../../Engine/Content/EditorMeshes/Camera/SM_RailRig_Mount.uasset" 216
"../../../Engine/Content/EditorMeshes/Camera/SM_RailRig_Mount.uexp" 217
"../../../Engine/Content/EditorMeshes/Camera/SM_CraneRig_Mount.uasset" 218
"../../../Engine/Content/EditorMeshes/Camera/SM_CraneRig_Mount.uexp" 219
"../../../Engine/Content/EditorMeshes/Camera/SM_CraneRig_Body.uasset" 220
"../../../Engine/Content/EditorMeshes/Camera/SM_CraneRig_Body.uexp" 221
"../../../Engine/Content/EditorMeshes/Camera/SM_CraneRig_Base.uasset" 222
"../../../Engine/Content/EditorMeshes/Camera/SM_CraneRig_Base.uexp" 223
"../../../Engine/Content/EditorMeshes/Camera/SM_CraneRig_Arm.uasset" 224
"../../../Engine/Content/EditorMeshes/Camera/SM_CraneRig_Arm.uexp" 225
"../../../Engine/Content/EditorMaterials/PreviewShadowIndicator.ubulk" 226
"../../../Engine/Content/EditorMaterials/PreviewShadowIndicator.uasset" 227
"../../../Engine/Content/EditorMaterials/PreviewShadowIndicator.uexp" 228
"../../../Engine/Content/EditorMaterials/PreviewShadowIndicatorMaterial.uasset" 229
"../../../Engine/Content/EditorMaterials/PreviewShadowIndicatorMaterial.uexp" 230
"../../../Engine/Content/EditorMaterials/MAT_Groups_Visibility.uasset" 231
"../../../Engine/Content/EditorMaterials/MAT_Groups_Visibility.uexp" 232
"../../../Engine/Content/EditorMaterials/MAT_Groups_Toggle.uasset" 233
"../../../Engine/Content/EditorMaterials/MAT_Groups_Toggle.uexp" 234
"../../../Engine/Content/Functions/Engine_MaterialFunctions02/Utility/MakeFloat4.uasset" 235
"../../../Engine/Content/Functions/Engine_MaterialFunctions02/Utility/MakeFloat4.uexp" 236
"../../../Engine/Content/Functions/Engine_MaterialFunctions02/Utility/MakeFloat3.uasset" 237
"../../../Engine/Content/Functions/Engine_MaterialFunctions02/Utility/MakeFloat3.uexp" 238
"../../../Engine/Content/Functions/Engine_MaterialFunctions02/Utility/BreakOutFloat3Components.uasset" 239
"../../../Engine/Content/Functions/Engine_MaterialFunctions02/Utility/BreakOutFloat3Components.uexp" 240
"../../../Engine/Content/EditorMaterials/WorldPartition/WorldPartitionSpatialHashGridPreviewMaterial.uasset" 241
"../../../Engine/Content/EditorMaterials/WorldPartition/WorldPartitionSpatialHashGridPreviewMaterial.uexp" 242
"../../../Engine/Content/EditorMaterials/ParticleSystems/PSysThumbnail_OOD.ubulk" 243
"../../../Engine/Content/EditorMaterials/ParticleSystems/PSysThumbnail_OOD.uasset" 244
"../../../Engine/Content/EditorMaterials/ParticleSystems/PSysThumbnail_OOD.uexp" 245
"../../../Engine/Content/EditorMaterials/ParticleSystems/PSysThumbnail_NoImage.ubulk" 246
"../../../Engine/Content/EditorMaterials/ParticleSystems/PSysThumbnail_NoImage.uasset" 247
"../../../Engine/Content/EditorMaterials/ParticleSystems/PSysThumbnail_NoImage.uexp" 248
"../../../Engine/Content/EditorMaterials/MatineeGroups/MAT_Groups_Vector.uasset" 249
"../../../Engine/Content/EditorMaterials/MatineeGroups/MAT_Groups_Vector.uexp" 250
"../../../Engine/Content/EditorMaterials/MatineeGroups/MAT_Groups_Sound.uasset" 251
"../../../Engine/Content/EditorMaterials/MatineeGroups/MAT_Groups_Sound.uexp" 252
"../../../Engine/Content/EditorMaterials/MatineeGroups/MAT_Groups_Slomo.uasset" 253
"../../../Engine/Content/EditorMaterials/MatineeGroups/MAT_Groups_Slomo.uexp" 254
"../../../Engine/Content/EditorMaterials/MatineeGroups/MAT_Groups_Move.uasset" 255
"../../../Engine/Content/EditorMaterials/MatineeGroups/MAT_Groups_Move.uexp" 256
"../../../Engine/Content/EditorMaterials/MatineeGroups/MAT_Groups_Float.uasset" 257
"../../../Engine/Content/EditorMaterials/MatineeGroups/MAT_Groups_Float.uexp" 258
"../../../Engine/Content/EditorMaterials/MatineeGroups/MAT_Groups_Fade.uasset" 259
"../../../Engine/Content/EditorMaterials/MatineeGroups/MAT_Groups_Fade.uexp" 260
"../../../Engine/Content/EditorMaterials/MatineeGroups/MAT_Groups_Event.uasset" 261
"../../../Engine/Content/EditorMaterials/MatineeGroups/MAT_Groups_Event.uexp" 262
"../../../Engine/Content/EditorMaterials/MatineeGroups/MAT_Groups_Director.uasset" 263
"../../../Engine/Content/EditorMaterials/MatineeGroups/MAT_Groups_Director.uexp" 264
"../../../Engine/Content/EditorMaterials/MatineeGroups/MAT_Groups_AudioMaster.uasset" 265
"../../../Engine/Content/EditorMaterials/MatineeGroups/MAT_Groups_AudioMaster.uexp" 266
"../../../Engine/Content/EditorMaterials/MatineeGroups/MAT_Groups_Anim.uasset" 267
"../../../Engine/Content/EditorMaterials/MatineeGroups/MAT_Groups_Anim.uexp" 268
"../../../Engine/Content/EditorMaterials/MatineeGroups/MAT_ColorTrack.uasset" 269
"../../../Engine/Content/EditorMaterials/MatineeGroups/MAT_ColorTrack.uexp" 270
"../../../Engine/Content/EditorLandscapeResources/DefaultAlphaTexture.uasset" 271
"../../../Engine/Content/EditorLandscapeResources/DefaultAlphaTexture.uexp" 272
"../../../Engine/Content/EditorLandscapeResources/DataLayer.uasset" 273
"../../../Engine/Content/EditorLandscapeResources/DataLayer.uexp" 274
"../../../Engine/Content/EngineMaterials/T_Default_Material_Grid_M.ubulk" 275
"../../../Engine/Content/EngineMaterials/T_Default_Material_Grid_M.uasset" 276
"../../../Engine/Content/EngineMaterials/T_Default_Material_Grid_M.uexp" 277
"../../../Engine/Content/EngineMaterials/T_Default_Material_Grid_N.ubulk" 278
"../../../Engine/Content/EngineMaterials/T_Default_Material_Grid_N.uasset" 279
"../../../Engine/Content/EngineMaterials/T_Default_Material_Grid_N.uexp" 280
"../../../Engine/Content/Functions/Engine_MaterialFunctions01/Opacity/CameraDepthFade.uasset" 281
"../../../Engine/Content/Functions/Engine_MaterialFunctions01/Opacity/CameraDepthFade.uexp" 282
"../../../Engine/Content/EngineMaterials/DefaultMaterial.uasset" 283
"../../../Engine/Content/EngineMaterials/DefaultMaterial.uexp" 284
"../../../Engine/Content/BasicShapes/Sphere.uasset" 285
"../../../Engine/Content/BasicShapes/Sphere.uexp" 286
"../../../Engine/Content/EngineMaterials/WorldGridMaterial.uasset" 287
"../../../Engine/Content/EngineMaterials/WorldGridMaterial.uexp" 288
"../../../Engine/Content/BasicShapes/Plane.uasset" 289
"../../../Engine/Content/BasicShapes/Plane.uexp" 290
"../../../Engine/Content/BasicShapes/Cylinder.uasset" 291
"../../../Engine/Content/BasicShapes/Cylinder.uexp" 292
"../../../Engine/Content/BasicShapes/Cube.uasset" 293
"../../../Engine/Content/BasicShapes/Cube.uexp" 294
"../../../Engine/Content/BasicShapes/Cone.uasset" 295
"../../../Engine/Content/BasicShapes/Cone.uexp" 296
"../../../Engine/Content/ArtTools/RenderToTexture/Meshes/S_1_Unit_Plane.uasset" 297
"../../../Engine/Content/ArtTools/RenderToTexture/Meshes/S_1_Unit_Plane.uexp" 298
"../../../Engine/Content/MobileResources/HUD/VirtualJoystick_Background.uasset" 299
"../../../Engine/Content/MobileResources/HUD/VirtualJoystick_Background.uexp" 300
"../../../Engine/Content/MobileResources/HUD/VirtualJoystick_Thumb.uasset" 301
"../../../Engine/Content/MobileResources/HUD/VirtualJoystick_Thumb.uexp" 302
"../../../Engine/Content/MobileResources/HUD/DefaultVirtualJoysticks.uasset" 303
"../../../Engine/Content/MobileResources/HUD/DefaultVirtualJoysticks.uexp" 304
"../../../Engine/Content/Tutorial/ContentIntroCurve.uasset" 305
"../../../Engine/Content/Tutorial/ContentIntroCurve.uexp" 306
"../../../Engine/Content/VREditor/TransformGizmo/Main.uasset" 307
"../../../Engine/Content/VREditor/TransformGizmo/Main.uexp" 308
"../../../Engine/Content/VREditor/TransformGizmo/Xray.uasset" 309
"../../../Engine/Content/VREditor/TransformGizmo/Xray.uexp" 310
"../../../Engine/Content/VREditor/TransformGizmo/SM_Sequencer_Node.uasset" 311
"../../../Engine/Content/VREditor/TransformGizmo/SM_Sequencer_Node.uexp" 312
"../../../Engine/Content/VREditor/LaserPointer/VR_LaserPower_01.ubulk" 313
"../../../Engine/Content/VREditor/LaserPointer/VR_LaserPower_01.uasset" 314
"../../../Engine/Content/VREditor/LaserPointer/VR_LaserPower_01.uexp" 315
"../../../Engine/Content/VREditor/TransformGizmo/TransformGizmoMaterial.uasset" 316
"../../../Engine/Content/VREditor/TransformGizmo/TransformGizmoMaterial.uexp" 317
"../../../Engine/Content/VREditor/TransformGizmo/TranslucentTransformGizmoMaterial.uasset" 318
"../../../Engine/Content/VREditor/TransformGizmo/TranslucentTransformGizmoMaterial.uexp" 319
"../../../Engine/Content/VREditor/TransformGizmo/PlaneTranslationHandle.uasset" 320
"../../../Engine/Content/VREditor/TransformGizmo/PlaneTranslationHandle.uexp" 321
"../../../Engine/Content/VREditor/TransformGizmo/BoundingBoxEdge.uasset" 322
"../../../Engine/Content/VREditor/TransformGizmo/BoundingBoxEdge.uexp" 323
"../../../Engine/Content/VREditor/TransformGizmo/BoundingBoxCorner.uasset" 324
"../../../Engine/Content/VREditor/TransformGizmo/BoundingBoxCorner.uexp" 325
"../../../Engine/Plugins/2D/Paper2D/Content/PlaceholderTextures/DummySpriteTexture.ubulk" 326
"../../../Engine/Plugins/2D/Paper2D/Content/PlaceholderTextures/DummySpriteTexture.uasset" 327
"../../../Engine/Plugins/2D/Paper2D/Content/PlaceholderTextures/DummySpriteTexture.uexp" 328
"../../../Engine/Plugins/2D/Paper2D/Content/DefaultSpriteMaterial.uasset" 329
"../../../Engine/Plugins/2D/Paper2D/Content/DefaultSpriteMaterial.uexp" 330
"../../../Engine/Plugins/2D/Paper2D/Content/OpaqueUnlitSpriteMaterial.uasset" 331
"../../../Engine/Plugins/2D/Paper2D/Content/OpaqueUnlitSpriteMaterial.uexp" 332
"../../../Engine/Plugins/2D/Paper2D/Content/MaskedUnlitSpriteMaterial.uasset" 333
"../../../Engine/Plugins/2D/Paper2D/Content/MaskedUnlitSpriteMaterial.uexp" 334
"../../../Engine/Plugins/2D/Paper2D/Content/DummySprite.uasset" 335
"../../../Engine/Plugins/2D/Paper2D/Content/DummySprite.uexp" 336
"../../../Engine/Plugins/2D/Paper2D/Content/DefaultPaperTerrainMaterial.uasset" 337
"../../../Engine/Plugins/2D/Paper2D/Content/DefaultPaperTerrainMaterial.uexp" 338
"../../../Engine/Plugins/Animation/ControlRig/Content/M_Manip.uasset" 339
"../../../Engine/Plugins/Animation/ControlRig/Content/M_Manip.uexp" 340
"../../../Engine/Plugins/Animation/ControlRig/Content/Controls/DefaultGizmoLibraryNormalized.uasset" 341
"../../../Engine/Plugins/Animation/ControlRig/Content/Controls/DefaultGizmoLibraryNormalized.uexp" 342
"../../../Engine/Plugins/Animation/ControlRig/Content/Controls/ControlRig_Wedge_solid.uasset" 343
"../../../Engine/Plugins/Animation/ControlRig/Content/Controls/ControlRig_Wedge_solid.uexp" 344
"../../../Engine/Plugins/Animation/ControlRig/Content/Controls/ControlRig_Wedge_3mm.uasset" 345
"../../../Engine/Plugins/Animation/ControlRig/Content/Controls/ControlRig_Wedge_3mm.uexp" 346
"../../../Engine/Plugins/Animation/ControlRig/Content/Controls/ControlRig_Wedge_1mm.uasset" 347
"../../../Engine/Plugins/Animation/ControlRig/Content/Controls/ControlRig_Wedge_1mm.uexp" 348
"../../../Engine/Plugins/Animation/ControlRig/Content/Controls/ControlRig_Triangle_solid.uasset" 349
"../../../Engine/Plugins/Animation/ControlRig/Content/Controls/ControlRig_Triangle_solid.uexp" 350
"../../../Engine/Plugins/Animation/ControlRig/Content/Controls/ControlRig_Triangle_3mm.uasset" 351
"../../../Engine/Plugins/Animation/ControlRig/Content/Controls/ControlRig_Triangle_3mm.uexp" 352
"../../../Engine/Plugins/Animation/ControlRig/Content/Controls/ControlRig_Triangle_1mm.uasset" 353
"../../../Engine/Plugins/Animation/ControlRig/Content/Controls/ControlRig_Triangle_1mm.uexp" 354
"../../../Engine/Plugins/Animation/ControlRig/Content/Controls/ControlRig_Star4_solid.uasset" 355
"../../../Engine/Plugins/Animation/ControlRig/Content/Controls/ControlRig_Star4_solid.uexp" 356
"../../../Engine/Plugins/Animation/ControlRig/Content/Controls/ControlRig_Star4_3mm.uasset" 357
"../../../Engine/Plugins/Animation/ControlRig/Content/Controls/ControlRig_Star4_3mm.uexp" 358
"../../../Engine/Plugins/Animation/ControlRig/Content/Controls/ControlRig_Star4_1mm.uasset" 359
"../../../Engine/Plugins/Animation/ControlRig/Content/Controls/ControlRig_Star4_1mm.uexp" 360
"../../../Engine/Plugins/Animation/ControlRig/Content/Controls/ControlRig_Square_solid.uasset" 361
"../../../Engine/Plugins/Animation/ControlRig/Content/Controls/ControlRig_Square_solid.uexp" 362
"../../../Engine/Plugins/Animation/ControlRig/Content/Controls/ControlRig_Square_3mm.uasset" 363
"../../../Engine/Plugins/Animation/ControlRig/Content/Controls/ControlRig_Square_3mm.uexp" 364
"../../../Engine/Plugins/Animation/ControlRig/Content/Controls/ControlRig_Square_1mm.uasset" 365
"../../../Engine/Plugins/Animation/ControlRig/Content/Controls/ControlRig_Square_1mm.uexp" 366
"../../../Engine/Plugins/Animation/ControlRig/Content/Controls/ControlRig_Sphere_solid.uasset" 367
"../../../Engine/Plugins/Animation/ControlRig/Content/Controls/ControlRig_Sphere_solid.uexp" 368
"../../../Engine/Plugins/Animation/ControlRig/Content/Controls/ControlRig_Sphere_3mm.uasset" 369
"../../../Engine/Plugins/Animation/ControlRig/Content/Controls/ControlRig_Sphere_3mm.uexp" 370
"../../../Engine/Plugins/Animation/ControlRig/Content/Controls/ControlRig_Sphere_1mm.uasset" 371
"../../../Engine/Plugins/Animation/ControlRig/Content/Controls/ControlRig_Sphere_1mm.uexp" 372
"../../../Engine/Plugins/Animation/ControlRig/Content/Controls/ControlRig_RoundedTriangle_solid.uasset" 373
"../../../Engine/Plugins/Animation/ControlRig/Content/Controls/ControlRig_RoundedTriangle_solid.uexp" 374
"../../../Engine/Plugins/Animation/ControlRig/Content/Controls/ControlRig_RoundedTriangle_3mm.uasset" 375
"../../../Engine/Plugins/Animation/ControlRig/Content/Controls/ControlRig_RoundedTriangle_3mm.uexp" 376
"../../../Engine/Plugins/Animation/ControlRig/Content/Controls/ControlRig_RoundedTriangle_1mm.uasset" 377
"../../../Engine/Plugins/Animation/ControlRig/Content/Controls/ControlRig_RoundedTriangle_1mm.uexp" 378
"../../../Engine/Plugins/Animation/ControlRig/Content/Controls/ControlRig_RoundedSquare_solid.uasset" 379
"../../../Engine/Plugins/Animation/ControlRig/Content/Controls/ControlRig_RoundedSquare_solid.uexp" 380
"../../../Engine/Plugins/Animation/ControlRig/Content/Controls/ControlRig_RoundedSquare_3mm.uasset" 381
"../../../Engine/Plugins/Animation/ControlRig/Content/Controls/ControlRig_RoundedSquare_3mm.uexp" 382
"../../../Engine/Plugins/Animation/ControlRig/Content/Controls/ControlRig_RoundedSquare_1mm.uasset" 383
"../../../Engine/Plugins/Animation/ControlRig/Content/Controls/ControlRig_RoundedSquare_1mm.uexp" 384
"../../../Engine/Plugins/Animation/ControlRig/Content/Controls/ControlRig_QuarterCircle_solid.uasset" 385
"../../../Engine/Plugins/Animation/ControlRig/Content/Controls/ControlRig_QuarterCircle_solid.uexp" 386
"../../../Engine/Plugins/Animation/ControlRig/Content/Controls/ControlRig_QuarterCircle_3mm.uasset" 387
"../../../Engine/Plugins/Animation/ControlRig/Content/Controls/ControlRig_QuarterCircle_3mm.uexp" 388
"../../../Engine/Plugins/Animation/ControlRig/Content/Controls/ControlRig_QuarterCircle_1mm.uasset" 389
"../../../Engine/Plugins/Animation/ControlRig/Content/Controls/ControlRig_QuarterCircle_1mm.uexp" 390
"../../../Engine/Plugins/Animation/ControlRig/Content/Controls/ControlRig_Pyramid_solid.uasset" 391
"../../../Engine/Plugins/Animation/ControlRig/Content/Controls/ControlRig_Pyramid_solid.uexp" 392
"../../../Engine/Plugins/Animation/ControlRig/Content/Controls/ControlRig_Pyramid_3mm.uasset" 393
"../../../Engine/Plugins/Animation/ControlRig/Content/Controls/ControlRig_Pyramid_3mm.uexp" 394
"../../../Engine/Plugins/Animation/ControlRig/Content/Controls/ControlRig_Pyramid_1mm.uasset" 395
"../../../Engine/Plugins/Animation/ControlRig/Content/Controls/ControlRig_Pyramid_1mm.uexp" 396
"../../../Engine/Plugins/Animation/ControlRig/Content/Controls/ControlRig_Octagon_solid.uasset" 397
"../../../Engine/Plugins/Animation/ControlRig/Content/Controls/ControlRig_Octagon_solid.uexp" 398
"../../../Engine/Plugins/Animation/ControlRig/Content/Controls/ControlRig_Octagon_3mm.uasset" 399
"../../../Engine/Plugins/Animation/ControlRig/Content/Controls/ControlRig_Octagon_3mm.uexp" 400
"../../../Engine/Plugins/Animation/ControlRig/Content/Controls/ControlRig_Octagon_1mm.uasset" 401
"../../../Engine/Plugins/Animation/ControlRig/Content/Controls/ControlRig_Octagon_1mm.uexp" 402
"../../../Engine/Plugins/Animation/ControlRig/Content/Controls/ControlRig_Hexagon_solid.uasset" 403
"../../../Engine/Plugins/Animation/ControlRig/Content/Controls/ControlRig_Hexagon_solid.uexp" 404
"../../../Engine/Plugins/Animation/ControlRig/Content/Controls/ControlRig_Hexagon_3mm.uasset" 405
"../../../Engine/Plugins/Animation/ControlRig/Content/Controls/ControlRig_Hexagon_3mm.uexp" 406
"../../../Engine/Plugins/Animation/ControlRig/Content/Controls/ControlRig_Hexagon_1mm.uasset" 407
"../../../Engine/Plugins/Animation/ControlRig/Content/Controls/ControlRig_Hexagon_1mm.uexp" 408
"../../../Engine/Plugins/Animation/ControlRig/Content/Controls/ControlRig_HalfCircle_solid.uasset" 409
"../../../Engine/Plugins/Animation/ControlRig/Content/Controls/ControlRig_HalfCircle_solid.uexp" 410
"../../../Engine/Plugins/Animation/ControlRig/Content/Controls/ControlRig_HalfCircle_3mm.uasset" 411
"../../../Engine/Plugins/Animation/ControlRig/Content/Controls/ControlRig_HalfCircle_3mm.uexp" 412
"../../../Engine/Plugins/Animation/ControlRig/Content/Controls/ControlRig_HalfCircle_1mm.uasset" 413
"../../../Engine/Plugins/Animation/ControlRig/Content/Controls/ControlRig_HalfCircle_1mm.uexp" 414
"../../../Engine/Plugins/Animation/ControlRig/Content/Controls/ControlRig_Diamond_solid.uasset" 415
"../../../Engine/Plugins/Animation/ControlRig/Content/Controls/ControlRig_Diamond_solid.uexp" 416
"../../../Engine/Plugins/Animation/ControlRig/Content/Controls/ControlRig_Diamond_3mm.uasset" 417
"../../../Engine/Plugins/Animation/ControlRig/Content/Controls/ControlRig_Diamond_3mm.uexp" 418
"../../../Engine/Plugins/Animation/ControlRig/Content/Controls/ControlRig_Diamond_1mm.uasset" 419
"../../../Engine/Plugins/Animation/ControlRig/Content/Controls/ControlRig_Diamond_1mm.uexp" 420
"../../../Engine/Plugins/Animation/ControlRig/Content/Controls/ControlRig_Circle_solid.uasset" 421
"../../../Engine/Plugins/Animation/ControlRig/Content/Controls/ControlRig_Circle_solid.uexp" 422
"../../../Engine/Plugins/Animation/ControlRig/Content/Controls/ControlRig_Circle_3mm.uasset" 423
"../../../Engine/Plugins/Animation/ControlRig/Content/Controls/ControlRig_Circle_3mm.uexp" 424
"../../../Engine/Plugins/Animation/ControlRig/Content/Controls/ControlRig_Circle_1mm.uasset" 425
"../../../Engine/Plugins/Animation/ControlRig/Content/Controls/ControlRig_Circle_1mm.uexp" 426
"../../../Engine/Plugins/Animation/ControlRig/Content/Controls/ControlRig_Box_solid.uasset" 427
"../../../Engine/Plugins/Animation/ControlRig/Content/Controls/ControlRig_Box_solid.uexp" 428
"../../../Engine/Plugins/Animation/ControlRig/Content/Controls/ControlRig_Box_3mm.uasset" 429
"../../../Engine/Plugins/Animation/ControlRig/Content/Controls/ControlRig_Box_3mm.uexp" 430
"../../../Engine/Plugins/Animation/ControlRig/Content/Controls/ControlRig_Box_1mm.uasset" 431
"../../../Engine/Plugins/Animation/ControlRig/Content/Controls/ControlRig_Box_1mm.uexp" 432
"../../../Engine/Plugins/Animation/ControlRig/Content/Controls/ControlRig_Arrow_solid.uasset" 433
"../../../Engine/Plugins/Animation/ControlRig/Content/Controls/ControlRig_Arrow_solid.uexp" 434
"../../../Engine/Plugins/Animation/ControlRig/Content/Controls/ControlRig_Arrow_3mm.uasset" 435
"../../../Engine/Plugins/Animation/ControlRig/Content/Controls/ControlRig_Arrow_3mm.uexp" 436
"../../../Engine/Plugins/Animation/ControlRig/Content/Controls/ControlRig_Arrow_1mm.uasset" 437
"../../../Engine/Plugins/Animation/ControlRig/Content/Controls/ControlRig_Arrow_1mm.uexp" 438
"../../../Engine/Plugins/Animation/ControlRig/Content/Controls/ControlRig_Arrow4_solid.uasset" 439
"../../../Engine/Plugins/Animation/ControlRig/Content/Controls/ControlRig_Arrow4_solid.uexp" 440
"../../../Engine/Plugins/Animation/ControlRig/Content/Controls/ControlRig_Arrow4_3mm.uasset" 441
"../../../Engine/Plugins/Animation/ControlRig/Content/Controls/ControlRig_Arrow4_3mm.uexp" 442
"../../../Engine/Plugins/Animation/ControlRig/Content/Controls/ControlRig_Arrow4_1mm.uasset" 443
"../../../Engine/Plugins/Animation/ControlRig/Content/Controls/ControlRig_Arrow4_1mm.uexp" 444
"../../../Engine/Plugins/Animation/ControlRig/Content/Controls/ControlRig_Arrow2_solid.uasset" 445
"../../../Engine/Plugins/Animation/ControlRig/Content/Controls/ControlRig_Arrow2_solid.uexp" 446
"../../../Engine/Plugins/Animation/ControlRig/Content/Controls/ControlRig_Arrow2_3mm.uasset" 447
"../../../Engine/Plugins/Animation/ControlRig/Content/Controls/ControlRig_Arrow2_3mm.uexp" 448
"../../../Engine/Plugins/Animation/ControlRig/Content/Controls/ControlRig_Arrow2_1mm.uasset" 449
"../../../Engine/Plugins/Animation/ControlRig/Content/Controls/ControlRig_Arrow2_1mm.uexp" 450
"../../../Engine/Plugins/Animation/ControlRig/Content/Controls/ControlRigGizmoMaterial.uasset" 451
"../../../Engine/Plugins/Animation/ControlRig/Content/Controls/ControlRigGizmoMaterial.uexp" 452
"../../../Engine/Plugins/Editor/SpeedTreeImporter/Content/SpeedTree9/game_wind_noise.ubulk" 453
"../../../Engine/Plugins/Editor/SpeedTreeImporter/Content/SpeedTree9/game_wind_noise.uasset" 454
"../../../Engine/Plugins/Editor/SpeedTreeImporter/Content/SpeedTree9/game_wind_noise.uexp" 455
"../../../Engine/Plugins/Editor/SpeedTreeImporter/Content/SpeedTree9/UnpackDirection.uasset" 456
"../../../Engine/Plugins/Editor/SpeedTreeImporter/Content/SpeedTree9/UnpackDirection.uexp" 457
"../../../Engine/Content/Functions/Engine_MaterialFunctions02/ObjectLocalBounds.uasset" 458
"../../../Engine/Content/Functions/Engine_MaterialFunctions02/ObjectLocalBounds.uexp" 459
"../../../Engine/Content/Functions/Engine_MaterialFunctions02/UVs/BoundingBoxBased_0-1_UVW.uasset" 460
"../../../Engine/Content/Functions/Engine_MaterialFunctions02/UVs/BoundingBoxBased_0-1_UVW.uexp" 461
"../../../Engine/Content/Functions/Engine_MaterialFunctions02/Utility/VectorLength.uasset" 462
"../../../Engine/Content/Functions/Engine_MaterialFunctions02/Utility/VectorLength.uexp" 463
"../../../Engine/Plugins/Editor/SpeedTreeImporter/Content/SpeedTree9/UnpackInteger3.uasset" 464
"../../../Engine/Plugins/Editor/SpeedTreeImporter/Content/SpeedTree9/UnpackInteger3.uexp" 465
"../../../Engine/Plugins/Editor/SpeedTreeImporter/Content/SpeedTree9/SpeedTreeCameraFacing.uasset" 466
"../../../Engine/Plugins/Editor/SpeedTreeImporter/Content/SpeedTree9/SpeedTreeCameraFacing.uexp" 467
"../../../Engine/Content/Functions/Engine_MaterialFunctions02/WorldPositionOffset/ObjectScale.uasset" 468
"../../../Engine/Content/Functions/Engine_MaterialFunctions02/WorldPositionOffset/ObjectScale.uexp" 469
"../../../Engine/Content/Functions/Engine_MaterialFunctions02/SafeNormalize.uasset" 470
"../../../Engine/Content/Functions/Engine_MaterialFunctions02/SafeNormalize.uexp" 471
"../../../Engine/Plugins/Editor/SpeedTreeImporter/Content/SpeedTree9/SpeedTreeWindMotion.uasset" 472
"../../../Engine/Plugins/Editor/SpeedTreeImporter/Content/SpeedTree9/SpeedTreeWindMotion.uexp" 473
"../../../Engine/Plugins/Editor/SpeedTreeImporter/Content/SpeedTree9/SpeedTreeBranchMotion.uasset" 474
"../../../Engine/Plugins/Editor/SpeedTreeImporter/Content/SpeedTree9/SpeedTreeBranchMotion.uexp" 475
"../../../Engine/Plugins/Editor/SpeedTreeImporter/Content/SpeedTree9/SpeedTreeWind.uasset" 476
"../../../Engine/Plugins/Editor/SpeedTreeImporter/Content/SpeedTree9/SpeedTreeWind.uexp" 477
"../../../Engine/Plugins/Editor/SpeedTreeImporter/Content/SpeedTree9/EmptyNormal.uasset" 478
"../../../Engine/Plugins/Editor/SpeedTreeImporter/Content/SpeedTree9/EmptyNormal.uexp" 479
"../../../Engine/Plugins/Editor/SpeedTreeImporter/Content/SpeedTree9/Empty.uasset" 480
"../../../Engine/Plugins/Editor/SpeedTreeImporter/Content/SpeedTree9/Empty.uexp" 481
"../../../Engine/Plugins/Editor/SpeedTreeImporter/Content/SpeedTree9/SpeedTreeMaster.uasset" 482
"../../../Engine/Plugins/Editor/SpeedTreeImporter/Content/SpeedTree9/SpeedTreeMaster.uexp" 483
"../../../Engine/Plugins/Editor/SpeedTreeImporter/Content/SpeedTree9/SpeedTreeBillboard.uasset" 484
"../../../Engine/Plugins/Editor/SpeedTreeImporter/Content/SpeedTree9/SpeedTreeBillboard.uexp" 485
"../../../Engine/Plugins/Editor/SpeedTreeImporter/Content/SpeedTree9/SpeedTreeBillboardMaster.uasset" 486
"../../../Engine/Plugins/Editor/SpeedTreeImporter/Content/SpeedTree9/SpeedTreeBillboardMaster.uexp" 487
"../../../Engine/Plugins/Runtime/HairStrands/Content/Materials/HairMeshesDefaultMaterial.uasset" 488
"../../../Engine/Plugins/Runtime/HairStrands/Content/Materials/HairMeshesDefaultMaterial.uexp" 489
"../../../Engine/Plugins/Runtime/HairStrands/Content/Materials/HairDefaultMaterial.uasset" 490
"../../../Engine/Plugins/Runtime/HairStrands/Content/Materials/HairDefaultMaterial.uexp" 491
"../../../Engine/Plugins/Runtime/HairStrands/Content/Materials/HairGroupColors.uasset" 492
"../../../Engine/Plugins/Runtime/HairStrands/Content/Materials/HairGroupColors.uexp" 493
"../../../Engine/Content/EngineMaterials/HairColorMap.uasset" 494
"../../../Engine/Content/EngineMaterials/HairColorMap.uexp" 495
"../../../Engine/Content/EngineMaterials/HairDebugColor.uasset" 496
"../../../Engine/Content/EngineMaterials/HairDebugColor.uexp" 497
"../../../Engine/Plugins/Runtime/HairStrands/Content/Materials/HairDebugMaterial.uasset" 498
"../../../Engine/Plugins/Runtime/HairStrands/Content/Materials/HairDebugMaterial.uexp" 499
"../../../Engine/Plugins/Runtime/HairStrands/Content/Materials/HairCardsDefaultMaterial.uasset" 500
"../../../Engine/Plugins/Runtime/HairStrands/Content/Materials/HairCardsDefaultMaterial.uexp" 501
"D:/UnrealEngine/Github-Udemy/repositories/RollingTemplate/Content/_Game/Widgets/W_Lose.uasset" 502
"D:/UnrealEngine/Github-Udemy/repositories/RollingTemplate/Content/_Game/Widgets/W_Lose.uexp" 503
"D:/UnrealEngine/Github-Udemy/repositories/RollingTemplate/Content/StarterContent/Textures/T_Smoke_SubUV.ubulk" 504
"D:/UnrealEngine/Github-Udemy/repositories/RollingTemplate/Content/StarterContent/Textures/T_Smoke_SubUV.uasset" 505
"D:/UnrealEngine/Github-Udemy/repositories/RollingTemplate/Content/StarterContent/Textures/T_Smoke_SubUV.uexp" 506
"D:/UnrealEngine/Github-Udemy/repositories/RollingTemplate/Content/StarterContent/Textures/T_Smoke_Tiled_D.ubulk" 507
"D:/UnrealEngine/Github-Udemy/repositories/RollingTemplate/Content/StarterContent/Textures/T_Smoke_Tiled_D.uasset" 508
"D:/UnrealEngine/Github-Udemy/repositories/RollingTemplate/Content/StarterContent/Textures/T_Smoke_Tiled_D.uexp" 509
"D:/UnrealEngine/Github-Udemy/repositories/RollingTemplate/Content/StarterContent/Particles/Materials/M_smoke_subUV.uasset" 510
"D:/UnrealEngine/Github-Udemy/repositories/RollingTemplate/Content/StarterContent/Particles/Materials/M_smoke_subUV.uexp" 511
"D:/UnrealEngine/Github-Udemy/repositories/RollingTemplate/Content/StarterContent/Textures/T_Burst_M.ubulk" 512
"D:/UnrealEngine/Github-Udemy/repositories/RollingTemplate/Content/StarterContent/Textures/T_Burst_M.uasset" 513
"D:/UnrealEngine/Github-Udemy/repositories/RollingTemplate/Content/StarterContent/Textures/T_Burst_M.uexp" 514
"D:/UnrealEngine/Github-Udemy/repositories/RollingTemplate/Content/StarterContent/Particles/Materials/M_Burst.uasset" 515
"D:/UnrealEngine/Github-Udemy/repositories/RollingTemplate/Content/StarterContent/Particles/Materials/M_Burst.uexp" 516
"D:/UnrealEngine/Github-Udemy/repositories/RollingTemplate/Content/StarterContent/Particles/Materials/m_flare_01.uasset" 517
"D:/UnrealEngine/Github-Udemy/repositories/RollingTemplate/Content/StarterContent/Particles/Materials/m_flare_01.uexp" 518
"D:/UnrealEngine/Github-Udemy/repositories/RollingTemplate/Content/StarterContent/Textures/T_Explosion_SubUV.ubulk" 519
"D:/UnrealEngine/Github-Udemy/repositories/RollingTemplate/Content/StarterContent/Textures/T_Explosion_SubUV.uasset" 520
"D:/UnrealEngine/Github-Udemy/repositories/RollingTemplate/Content/StarterContent/Textures/T_Explosion_SubUV.uexp" 521
"D:/UnrealEngine/Github-Udemy/repositories/RollingTemplate/Content/StarterContent/Particles/Materials/M_explosion_subUV.uasset" 522
"D:/UnrealEngine/Github-Udemy/repositories/RollingTemplate/Content/StarterContent/Particles/Materials/M_explosion_subUV.uexp" 523
"../../../Engine/Content/Functions/Engine_MaterialFunctions01/Gradient/RadialGradient.uasset" 524
"../../../Engine/Content/Functions/Engine_MaterialFunctions01/Gradient/RadialGradient.uexp" 525
"D:/UnrealEngine/Github-Udemy/repositories/RollingTemplate/Content/StarterContent/Particles/Materials/M_radial_ramp.uasset" 526
"D:/UnrealEngine/Github-Udemy/repositories/RollingTemplate/Content/StarterContent/Particles/Materials/M_radial_ramp.uexp" 527
"D:/UnrealEngine/Github-Udemy/repositories/RollingTemplate/Content/StarterContent/Particles/P_Explosion.uasset" 528
"D:/UnrealEngine/Github-Udemy/repositories/RollingTemplate/Content/StarterContent/Particles/P_Explosion.uexp" 529
"D:/UnrealEngine/Github-Udemy/repositories/RollingTemplate/Content/StarterContent/Audio/Fire_Sparks01.ubulk" 530
"D:/UnrealEngine/Github-Udemy/repositories/RollingTemplate/Content/StarterContent/Audio/Fire_Sparks01.uasset" 531
"D:/UnrealEngine/Github-Udemy/repositories/RollingTemplate/Content/StarterContent/Audio/Fire_Sparks01.uexp" 532
"D:/UnrealEngine/Github-Udemy/repositories/RollingTemplate/Content/StarterContent/Audio/Fire_Sparks01_Cue.uasset" 533
"D:/UnrealEngine/Github-Udemy/repositories/RollingTemplate/Content/StarterContent/Audio/Fire_Sparks01_Cue.uexp" 534
"D:/UnrealEngine/Github-Udemy/repositories/RollingTemplate/Content/StarterContent/Audio/Explosion01.ubulk" 535
"D:/UnrealEngine/Github-Udemy/repositories/RollingTemplate/Content/StarterContent/Audio/Explosion01.uasset" 536
"D:/UnrealEngine/Github-Udemy/repositories/RollingTemplate/Content/StarterContent/Audio/Explosion01.uexp" 537
"D:/UnrealEngine/Github-Udemy/repositories/RollingTemplate/Content/StarterContent/Audio/Explosion02.ubulk" 538
"D:/UnrealEngine/Github-Udemy/repositories/RollingTemplate/Content/StarterContent/Audio/Explosion02.uasset" 539
"D:/UnrealEngine/Github-Udemy/repositories/RollingTemplate/Content/StarterContent/Audio/Explosion02.uexp" 540
"D:/UnrealEngine/Github-Udemy/repositories/RollingTemplate/Content/StarterContent/Audio/Explosion_Cue.uasset" 541
"D:/UnrealEngine/Github-Udemy/repositories/RollingTemplate/Content/StarterContent/Audio/Explosion_Cue.uexp" 542
"D:/UnrealEngine/Github-Udemy/repositories/RollingTemplate/Content/StarterContent/Textures/T_Spark_Core.ubulk" 543
"D:/UnrealEngine/Github-Udemy/repositories/RollingTemplate/Content/StarterContent/Textures/T_Spark_Core.uasset" 544
"D:/UnrealEngine/Github-Udemy/repositories/RollingTemplate/Content/StarterContent/Textures/T_Spark_Core.uexp" 545
"D:/UnrealEngine/Github-Udemy/repositories/RollingTemplate/Content/StarterContent/Particles/Materials/M_Spark.uasset" 546
"D:/UnrealEngine/Github-Udemy/repositories/RollingTemplate/Content/StarterContent/Particles/Materials/M_Spark.uexp" 547
"D:/UnrealEngine/Github-Udemy/repositories/RollingTemplate/Content/StarterContent/Particles/P_Sparks.uasset" 548
"D:/UnrealEngine/Github-Udemy/repositories/RollingTemplate/Content/StarterContent/Particles/P_Sparks.uexp" 549
"../../../Engine/Content/EngineMaterials/Grid.ubulk" 550
"../../../Engine/Content/EngineMaterials/Grid.uasset" 551
"../../../Engine/Content/EngineMaterials/Grid.uexp" 552
"D:/UnrealEngine/Github-Udemy/repositories/RollingTemplate/Content/Rolling/Materials/PM_CustomMat.uasset" 553
"D:/UnrealEngine/Github-Udemy/repositories/RollingTemplate/Content/Rolling/Materials/PM_CustomMat.uexp" 554
"D:/UnrealEngine/Github-Udemy/repositories/RollingTemplate/Content/Rolling/Materials/M_Blue_Checker.uasset" 555
"D:/UnrealEngine/Github-Udemy/repositories/RollingTemplate/Content/Rolling/Materials/M_Blue_Checker.uexp" 556
"D:/UnrealEngine/Github-Udemy/repositories/RollingTemplate/Content/Rolling/Meshes/BallMesh.uasset" 557
"D:/UnrealEngine/Github-Udemy/repositories/RollingTemplate/Content/Rolling/Meshes/BallMesh.uexp" 558
"D:/UnrealEngine/Github-Udemy/repositories/RollingTemplate/Content/Retro_8Bit_Sounds/Jumping/Wavs/retro_jump_bounce_12.ubulk" 559
"D:/UnrealEngine/Github-Udemy/repositories/RollingTemplate/Content/Retro_8Bit_Sounds/Jumping/Wavs/retro_jump_bounce_12.uasset" 560
"D:/UnrealEngine/Github-Udemy/repositories/RollingTemplate/Content/Retro_8Bit_Sounds/Jumping/Wavs/retro_jump_bounce_12.uexp" 561
"D:/UnrealEngine/Github-Udemy/repositories/RollingTemplate/Content/Retro_8Bit_Sounds/Jumping/Cues/retro_jump_bounce_12_Cue.uasset" 562
"D:/UnrealEngine/Github-Udemy/repositories/RollingTemplate/Content/Retro_8Bit_Sounds/Jumping/Cues/retro_jump_bounce_12_Cue.uexp" 563
"D:/UnrealEngine/Github-Udemy/repositories/RollingTemplate/Content/Retro_8Bit_Sounds/Collectables/Wavs/retro_collect_pickup_coin_10.ubulk" 564
"D:/UnrealEngine/Github-Udemy/repositories/RollingTemplate/Content/Retro_8Bit_Sounds/Collectables/Wavs/retro_collect_pickup_coin_10.uasset" 565
"D:/UnrealEngine/Github-Udemy/repositories/RollingTemplate/Content/Retro_8Bit_Sounds/Collectables/Wavs/retro_collect_pickup_coin_10.uexp" 566
"D:/UnrealEngine/Github-Udemy/repositories/RollingTemplate/Content/Retro_8Bit_Sounds/Collectables/Cues/retro_collect_pickup_coin_10_Cue.uasset" 567
"D:/UnrealEngine/Github-Udemy/repositories/RollingTemplate/Content/Retro_8Bit_Sounds/Collectables/Cues/retro_collect_pickup_coin_10_Cue.uexp" 568
"D:/UnrealEngine/Github-Udemy/repositories/RollingTemplate/Content/ExampleContent/Blueprints/Materials/M_Pickup_Health.uasset" 569
"D:/UnrealEngine/Github-Udemy/repositories/RollingTemplate/Content/ExampleContent/Blueprints/Materials/M_Pickup_Health.uexp" 570
"D:/UnrealEngine/Github-Udemy/repositories/RollingTemplate/Content/ExampleContent/Blueprints/Meshes/SM_Pickup_Health.uasset" 571
"D:/UnrealEngine/Github-Udemy/repositories/RollingTemplate/Content/ExampleContent/Blueprints/Meshes/SM_Pickup_Health.uexp" 572
"D:/UnrealEngine/Github-Udemy/repositories/RollingTemplate/Content/_Game/Blueprints/RollingBall/BP_HealthPickup.uasset" 573
"D:/UnrealEngine/Github-Udemy/repositories/RollingTemplate/Content/_Game/Blueprints/RollingBall/BP_HealthPickup.uexp" 574
"../../../Engine/Content/EditorBlueprintResources/StandardMacros.uasset" 575
"../../../Engine/Content/EditorBlueprintResources/StandardMacros.uexp" 576
"D:/UnrealEngine/Github-Udemy/repositories/RollingTemplate/Content/_Game/Blueprints/RollingBall/BP_Rolling.uasset" 577
"D:/UnrealEngine/Github-Udemy/repositories/RollingTemplate/Content/_Game/Blueprints/RollingBall/BP_Rolling.uexp" 578
"../../../Engine/Content/EngineResources/Black.uasset" 579
"../../../Engine/Content/EngineResources/Black.uexp" 580
"D:/UnrealEngine/Github-Udemy/repositories/RollingTemplate/Content/InfinityBladeEffects/Effects/Masters/M_Add_Sprite_Master.uasset" 581
"D:/UnrealEngine/Github-Udemy/repositories/RollingTemplate/Content/InfinityBladeEffects/Effects/Masters/M_Add_Sprite_Master.uexp" 582
"D:/UnrealEngine/Github-Udemy/repositories/RollingTemplate/Content/InfinityBladeEffects/Effects/FX_Textures/Gradient/T_LightCone.ubulk" 583
"D:/UnrealEngine/Github-Udemy/repositories/RollingTemplate/Content/InfinityBladeEffects/Effects/FX_Textures/Gradient/T_LightCone.uasset" 584
"D:/UnrealEngine/Github-Udemy/repositories/RollingTemplate/Content/InfinityBladeEffects/Effects/FX_Textures/Gradient/T_LightCone.uexp" 585
"D:/UnrealEngine/Github-Udemy/repositories/RollingTemplate/Content/InfinityBladeEffects/Effects/FX_Materials/Gradient/M_Flare_Vertical_02_Inst.uasset" 586
"D:/UnrealEngine/Github-Udemy/repositories/RollingTemplate/Content/InfinityBladeEffects/Effects/FX_Materials/Gradient/M_Flare_Vertical_02_Inst.uexp" 587
"D:/UnrealEngine/Github-Udemy/repositories/RollingTemplate/Content/InfinityBladeEffects/Effects/FX_Textures/Gradient/T_starFlare_01.ubulk" 588
"D:/UnrealEngine/Github-Udemy/repositories/RollingTemplate/Content/InfinityBladeEffects/Effects/FX_Textures/Gradient/T_starFlare_01.uasset" 589
"D:/UnrealEngine/Github-Udemy/repositories/RollingTemplate/Content/InfinityBladeEffects/Effects/FX_Textures/Gradient/T_starFlare_01.uexp" 590
"D:/UnrealEngine/Github-Udemy/repositories/RollingTemplate/Content/InfinityBladeEffects/Effects/Masters/M_Add_Sprite_Master_DepthFade.uasset" 591
"D:/UnrealEngine/Github-Udemy/repositories/RollingTemplate/Content/InfinityBladeEffects/Effects/Masters/M_Add_Sprite_Master_DepthFade.uexp" 592
"D:/UnrealEngine/Github-Udemy/repositories/RollingTemplate/Content/InfinityBladeEffects/Effects/FX_Materials/Gradient/M_Flare_01_INST.uasset" 593
"D:/UnrealEngine/Github-Udemy/repositories/RollingTemplate/Content/InfinityBladeEffects/Effects/FX_Materials/Gradient/M_Flare_01_INST.uexp" 594
"D:/UnrealEngine/Github-Udemy/repositories/RollingTemplate/Content/InfinityBladeEffects/Effects/FX_Textures/Gradient/T_SoftFallOff.ubulk" 595
"D:/UnrealEngine/Github-Udemy/repositories/RollingTemplate/Content/InfinityBladeEffects/Effects/FX_Textures/Gradient/T_SoftFallOff.uasset" 596
"D:/UnrealEngine/Github-Udemy/repositories/RollingTemplate/Content/InfinityBladeEffects/Effects/FX_Textures/Gradient/T_SoftFallOff.uexp" 597
"D:/UnrealEngine/Github-Udemy/repositories/RollingTemplate/Content/InfinityBladeEffects/Effects/FX_Materials/Gradient/M_Flare_03_INST.uasset" 598
"D:/UnrealEngine/Github-Udemy/repositories/RollingTemplate/Content/InfinityBladeEffects/Effects/FX_Materials/Gradient/M_Flare_03_INST.uexp" 599
"D:/UnrealEngine/Github-Udemy/repositories/RollingTemplate/Content/InfinityBladeEffects/Effects/FX_Textures/Gradient/T_starFlare_02.ubulk" 600
"D:/UnrealEngine/Github-Udemy/repositories/RollingTemplate/Content/InfinityBladeEffects/Effects/FX_Textures/Gradient/T_starFlare_02.uasset" 601
"D:/UnrealEngine/Github-Udemy/repositories/RollingTemplate/Content/InfinityBladeEffects/Effects/FX_Textures/Gradient/T_starFlare_02.uexp" 602
"D:/UnrealEngine/Github-Udemy/repositories/RollingTemplate/Content/InfinityBladeEffects/Effects/FX_Materials/Gradient/M_Flare_02_INST.uasset" 603
"D:/UnrealEngine/Github-Udemy/repositories/RollingTemplate/Content/InfinityBladeEffects/Effects/FX_Materials/Gradient/M_Flare_02_INST.uexp" 604
"D:/UnrealEngine/Github-Udemy/repositories/RollingTemplate/Content/InfinityBladeEffects/Effects/FX_Treasure/Gold_Bag/P_GoldSparkle_Bag_Pickup.uasset" 605
"D:/UnrealEngine/Github-Udemy/repositories/RollingTemplate/Content/InfinityBladeEffects/Effects/FX_Treasure/Gold_Bag/P_GoldSparkle_Bag_Pickup.uexp" 606
"D:/UnrealEngine/Github-Udemy/repositories/RollingTemplate/Content/ExampleContent/Blueprint_Communication/Materials/M_Black_Metal.uasset" 607
"D:/UnrealEngine/Github-Udemy/repositories/RollingTemplate/Content/ExampleContent/Blueprint_Communication/Materials/M_Black_Metal.uexp" 608
"D:/UnrealEngine/Github-Udemy/repositories/RollingTemplate/Content/ExampleContent/Audio/Textures/T_Fabric_N.ubulk" 609
"D:/UnrealEngine/Github-Udemy/repositories/RollingTemplate/Content/ExampleContent/Audio/Textures/T_Fabric_N.uasset" 610
"D:/UnrealEngine/Github-Udemy/repositories/RollingTemplate/Content/ExampleContent/Audio/Textures/T_Fabric_N.uexp" 611
"D:/UnrealEngine/Github-Udemy/repositories/RollingTemplate/Content/Assets/Textures/T_Fire_D.ubulk" 612
"D:/UnrealEngine/Github-Udemy/repositories/RollingTemplate/Content/Assets/Textures/T_Fire_D.uasset" 613
"D:/UnrealEngine/Github-Udemy/repositories/RollingTemplate/Content/Assets/Textures/T_Fire_D.uexp" 614
"D:/UnrealEngine/Github-Udemy/repositories/RollingTemplate/Content/Characters/Owen/Textures/T_Fabric_Weave.ubulk" 615
"D:/UnrealEngine/Github-Udemy/repositories/RollingTemplate/Content/Characters/Owen/Textures/T_Fabric_Weave.uasset" 616
"D:/UnrealEngine/Github-Udemy/repositories/RollingTemplate/Content/Characters/Owen/Textures/T_Fabric_Weave.uexp" 617
"D:/UnrealEngine/Github-Udemy/repositories/RollingTemplate/Content/ExampleContent/Blueprint_Communication/Materials/M_Bomb_Fuse.uasset" 618
"D:/UnrealEngine/Github-Udemy/repositories/RollingTemplate/Content/ExampleContent/Blueprint_Communication/Materials/M_Bomb_Fuse.uexp" 619
"D:/UnrealEngine/Github-Udemy/repositories/RollingTemplate/Content/ExampleContent/Blueprint_Communication/Meshes/SM_Bomb.uasset" 620
"D:/UnrealEngine/Github-Udemy/repositories/RollingTemplate/Content/ExampleContent/Blueprint_Communication/Meshes/SM_Bomb.uexp" 621
"D:/UnrealEngine/Github-Udemy/repositories/RollingTemplate/Content/_Game/Blueprints/RollingBall/BP_Explosive.uasset" 622
"D:/UnrealEngine/Github-Udemy/repositories/RollingTemplate/Content/_Game/Blueprints/RollingBall/BP_Explosive.uexp" 623
"D:/UnrealEngine/Github-Udemy/repositories/RollingTemplate/Content/Global/Textures/T_UnrealEngineDecal.uasset" 624
"D:/UnrealEngine/Github-Udemy/repositories/RollingTemplate/Content/Global/Textures/T_UnrealEngineDecal.uexp" 625
"D:/UnrealEngine/Github-Udemy/repositories/RollingTemplate/Content/ExampleContent/Blueprints/Materials/M_Pickup_Coin.uasset" 626
"D:/UnrealEngine/Github-Udemy/repositories/RollingTemplate/Content/ExampleContent/Blueprints/Materials/M_Pickup_Coin.uexp" 627
"D:/UnrealEngine/Github-Udemy/repositories/RollingTemplate/Content/ExampleContent/Blueprints/Meshes/SM_Pickup_Coin.uasset" 628
"D:/UnrealEngine/Github-Udemy/repositories/RollingTemplate/Content/ExampleContent/Blueprints/Meshes/SM_Pickup_Coin.uexp" 629
"D:/UnrealEngine/Github-Udemy/repositories/RollingTemplate/Content/_Game/Font/AlexandriaFLF.uexp" 630
"D:/UnrealEngine/Github-Udemy/repositories/RollingTemplate/Content/_Game/Font/AlexandriaFLF.uasset" 631
"D:/UnrealEngine/Github-Udemy/repositories/RollingTemplate/Content/_Game/Font/AlexandriaFLF.ufont" 632
"D:/UnrealEngine/Github-Udemy/repositories/RollingTemplate/Content/_Game/Font/AlexandriaFLF_Font.uasset" 633
"D:/UnrealEngine/Github-Udemy/repositories/RollingTemplate/Content/_Game/Font/AlexandriaFLF_Font.uexp" 634
"D:/UnrealEngine/Github-Udemy/repositories/RollingTemplate/Content/_Game/Widgets/W_PickupText.uasset" 635
"D:/UnrealEngine/Github-Udemy/repositories/RollingTemplate/Content/_Game/Widgets/W_PickupText.uexp" 636
"D:/UnrealEngine/Github-Udemy/repositories/RollingTemplate/Content/_Game/Blueprints/RollingBall/BP_PickupBase.uasset" 637
"D:/UnrealEngine/Github-Udemy/repositories/RollingTemplate/Content/_Game/Blueprints/RollingBall/BP_PickupBase.uexp" 638
"D:/UnrealEngine/Github-Udemy/repositories/RollingTemplate/Content/Retro_8Bit_Sounds/Collectables/Wavs/retro_collect_pickup_coin_09.ubulk" 639
"D:/UnrealEngine/Github-Udemy/repositories/RollingTemplate/Content/Retro_8Bit_Sounds/Collectables/Wavs/retro_collect_pickup_coin_09.uasset" 640
"D:/UnrealEngine/Github-Udemy/repositories/RollingTemplate/Content/Retro_8Bit_Sounds/Collectables/Wavs/retro_collect_pickup_coin_09.uexp" 641
"D:/UnrealEngine/Github-Udemy/repositories/RollingTemplate/Content/Retro_8Bit_Sounds/Collectables/Cues/retro_collect_pickup_coin_09_Cue.uasset" 642
"D:/UnrealEngine/Github-Udemy/repositories/RollingTemplate/Content/Retro_8Bit_Sounds/Collectables/Cues/retro_collect_pickup_coin_09_Cue.uexp" 643
"D:/UnrealEngine/Github-Udemy/repositories/RollingTemplate/Content/_Game/Blueprints/RollingBall/BP_Coin.uasset" 644
"D:/UnrealEngine/Github-Udemy/repositories/RollingTemplate/Content/_Game/Blueprints/RollingBall/BP_Coin.uexp" 645
"D:/UnrealEngine/Github-Udemy/repositories/RollingTemplate/Content/StarterContent/Textures/T_Rock_Basalt_D.ubulk" 646
"D:/UnrealEngine/Github-Udemy/repositories/RollingTemplate/Content/StarterContent/Textures/T_Rock_Basalt_D.uasset" 647
"D:/UnrealEngine/Github-Udemy/repositories/RollingTemplate/Content/StarterContent/Textures/T_Rock_Basalt_D.uexp" 648
"D:/UnrealEngine/Github-Udemy/repositories/RollingTemplate/Content/StarterContent/Textures/T_Perlin_Noise_M.ubulk" 649
"D:/UnrealEngine/Github-Udemy/repositories/RollingTemplate/Content/StarterContent/Textures/T_Perlin_Noise_M.uasset" 650
"D:/UnrealEngine/Github-Udemy/repositories/RollingTemplate/Content/StarterContent/Textures/T_Perlin_Noise_M.uexp" 651
"D:/UnrealEngine/Github-Udemy/repositories/RollingTemplate/Content/StarterContent/Textures/T_Rock_Basalt_N.ubulk" 652
"D:/UnrealEngine/Github-Udemy/repositories/RollingTemplate/Content/StarterContent/Textures/T_Rock_Basalt_N.uasset" 653
"D:/UnrealEngine/Github-Udemy/repositories/RollingTemplate/Content/StarterContent/Textures/T_Rock_Basalt_N.uexp" 654
"D:/UnrealEngine/Github-Udemy/repositories/RollingTemplate/Content/StarterContent/Textures/T_MacroVariation.uasset" 655
"D:/UnrealEngine/Github-Udemy/repositories/RollingTemplate/Content/StarterContent/Textures/T_MacroVariation.uexp" 656
"D:/UnrealEngine/Github-Udemy/repositories/RollingTemplate/Content/StarterContent/Materials/M_Rock_Basalt.uasset" 657
"D:/UnrealEngine/Github-Udemy/repositories/RollingTemplate/Content/StarterContent/Materials/M_Rock_Basalt.uexp" 658
"D:/UnrealEngine/Github-Udemy/repositories/RollingTemplate/Content/_Game/Maps/Level_1_BuiltData.ubulk" 659
"D:/UnrealEngine/Github-Udemy/repositories/RollingTemplate/Content/_Game/Maps/Level_1_BuiltData.uasset" 660
"D:/UnrealEngine/Github-Udemy/repositories/RollingTemplate/Content/_Game/Maps/Level_1_BuiltData.uexp" 661
"D:/UnrealEngine/Github-Udemy/repositories/RollingTemplate/Content/_Game/Blueprints/RollingBall/BP_RollingSaveGame.uasset" 662
"D:/UnrealEngine/Github-Udemy/repositories/RollingTemplate/Content/_Game/Blueprints/RollingBall/BP_RollingSaveGame.uexp" 663
"../../../Engine/Content/EngineSky/T_Sky_Stars.ubulk" 664
"../../../Engine/Content/EngineSky/T_Sky_Stars.uasset" 665
"../../../Engine/Content/EngineSky/T_Sky_Stars.uexp" 666
"../../../Engine/Content/EngineSky/T_Sky_Clouds_M.ubulk" 667
"../../../Engine/Content/EngineSky/T_Sky_Clouds_M.uasset" 668
"../../../Engine/Content/EngineSky/T_Sky_Clouds_M.uexp" 669
"../../../Engine/Content/EngineSky/T_Sky_Blue.ubulk" 670
"../../../Engine/Content/EngineSky/T_Sky_Blue.uasset" 671
"../../../Engine/Content/EngineSky/T_Sky_Blue.uexp" 672
"../../../Engine/Content/EngineSky/M_Sky_Panning_Clouds2.uasset" 673
"../../../Engine/Content/EngineSky/M_Sky_Panning_Clouds2.uexp" 674
"../../../Engine/Content/EngineSky/SM_SkySphere.uasset" 675
"../../../Engine/Content/EngineSky/SM_SkySphere.uexp" 676
"D:/UnrealEngine/Github-Udemy/repositories/RollingTemplate/Content/StarterContent/Materials/M_Basic_Floor.uasset" 677
"D:/UnrealEngine/Github-Udemy/repositories/RollingTemplate/Content/StarterContent/Materials/M_Basic_Floor.uexp" 678
"D:/UnrealEngine/Github-Udemy/repositories/RollingTemplate/Content/StarterContent/Architecture/Floor_400x400.uasset" 679
"D:/UnrealEngine/Github-Udemy/repositories/RollingTemplate/Content/StarterContent/Architecture/Floor_400x400.uexp" 680
"D:/UnrealEngine/Github-Udemy/repositories/RollingTemplate/Content/StarterContent/Textures/T_Metal_Rust_N.ubulk" 681
"D:/UnrealEngine/Github-Udemy/repositories/RollingTemplate/Content/StarterContent/Textures/T_Metal_Rust_N.uasset" 682
"D:/UnrealEngine/Github-Udemy/repositories/RollingTemplate/Content/StarterContent/Textures/T_Metal_Rust_N.uexp" 683
"D:/UnrealEngine/Github-Udemy/repositories/RollingTemplate/Content/StarterContent/Textures/T_Concrete_Grime_D.ubulk" 684
"D:/UnrealEngine/Github-Udemy/repositories/RollingTemplate/Content/StarterContent/Textures/T_Concrete_Grime_D.uasset" 685
"D:/UnrealEngine/Github-Udemy/repositories/RollingTemplate/Content/StarterContent/Textures/T_Concrete_Grime_D.uexp" 686
"D:/UnrealEngine/Github-Udemy/repositories/RollingTemplate/Content/StarterContent/Materials/M_Concrete_Grime.uasset" 687
"D:/UnrealEngine/Github-Udemy/repositories/RollingTemplate/Content/StarterContent/Materials/M_Concrete_Grime.uexp" 688
"D:/UnrealEngine/Github-Udemy/repositories/RollingTemplate/Content/Global/Materials/M_DemoWall.uasset" 689
"D:/UnrealEngine/Github-Udemy/repositories/RollingTemplate/Content/Global/Materials/M_DemoWall.uexp" 690
"D:/UnrealEngine/Github-Udemy/repositories/RollingTemplate/Content/Global/Materials/M_DemoWall_Inst2.uasset" 691
"D:/UnrealEngine/Github-Udemy/repositories/RollingTemplate/Content/Global/Materials/M_DemoWall_Inst2.uexp" 692
"D:/UnrealEngine/Github-Udemy/repositories/RollingTemplate/Content/Global/Materials/M_LightSculpture.uasset" 693
"D:/UnrealEngine/Github-Udemy/repositories/RollingTemplate/Content/Global/Materials/M_LightSculpture.uexp" 694
"D:/UnrealEngine/Github-Udemy/repositories/RollingTemplate/Content/_Game/Meshes/SM_Fence_Segment.uasset" 695
"D:/UnrealEngine/Github-Udemy/repositories/RollingTemplate/Content/_Game/Meshes/SM_Fence_Segment.uexp" 696
"D:/UnrealEngine/Github-Udemy/repositories/RollingTemplate/Content/_Game/Widgets/W_Health.uasset" 697
"D:/UnrealEngine/Github-Udemy/repositories/RollingTemplate/Content/_Game/Widgets/W_Health.uexp" 698
"D:/UnrealEngine/Github-Udemy/repositories/RollingTemplate/Content/_Game/Widgets/W_Progress.uasset" 699
"D:/UnrealEngine/Github-Udemy/repositories/RollingTemplate/Content/_Game/Widgets/W_Progress.uexp" 700
"D:/UnrealEngine/Github-Udemy/repositories/RollingTemplate/Content/_Game/Widgets/W_Score.uasset" 701
"D:/UnrealEngine/Github-Udemy/repositories/RollingTemplate/Content/_Game/Widgets/W_Score.uexp" 702
"D:/UnrealEngine/Github-Udemy/repositories/RollingTemplate/Content/_Game/HUD/Rolling_HUD.uasset" 703
"D:/UnrealEngine/Github-Udemy/repositories/RollingTemplate/Content/_Game/HUD/Rolling_HUD.uexp" 704
"D:/UnrealEngine/Github-Udemy/repositories/RollingTemplate/Content/_Game/Blueprints/BP_RollingGameModeBase.uasset" 705
"D:/UnrealEngine/Github-Udemy/repositories/RollingTemplate/Content/_Game/Blueprints/BP_RollingGameModeBase.uexp" 706
"D:/UnrealEngine/Github-Udemy/repositories/RollingTemplate/Content/Retro_8Bit_Sounds/Collectables/Wavs/retro_collect_pickup_item_04.ubulk" 707
"D:/UnrealEngine/Github-Udemy/repositories/RollingTemplate/Content/Retro_8Bit_Sounds/Collectables/Wavs/retro_collect_pickup_item_04.uasset" 708
"D:/UnrealEngine/Github-Udemy/repositories/RollingTemplate/Content/Retro_8Bit_Sounds/Collectables/Wavs/retro_collect_pickup_item_04.uexp" 709
"D:/UnrealEngine/Github-Udemy/repositories/RollingTemplate/Content/Retro_8Bit_Sounds/Collectables/Cues/retro_collect_pickup_item_04_Cue.uasset" 710
"D:/UnrealEngine/Github-Udemy/repositories/RollingTemplate/Content/Retro_8Bit_Sounds/Collectables/Cues/retro_collect_pickup_item_04_Cue.uexp" 711
"D:/UnrealEngine/Github-Udemy/repositories/RollingTemplate/Content/ExampleContent/PostProcessing/Materials/M_ReflectionDemo_MAT.uasset" 712
"D:/UnrealEngine/Github-Udemy/repositories/RollingTemplate/Content/ExampleContent/PostProcessing/Materials/M_ReflectionDemo_MAT.uexp" 713
"D:/UnrealEngine/Github-Udemy/repositories/RollingTemplate/Content/ExampleContent/PostProcessing/Materials/M_ReflectionDemo_1.uasset" 714
"D:/UnrealEngine/Github-Udemy/repositories/RollingTemplate/Content/ExampleContent/PostProcessing/Materials/M_ReflectionDemo_1.uexp" 715
"D:/UnrealEngine/Github-Udemy/repositories/RollingTemplate/Content/ExampleContent/PostProcessing/Materials/M_ReflectionDemo_Metallic_1.uasset" 716
"D:/UnrealEngine/Github-Udemy/repositories/RollingTemplate/Content/ExampleContent/PostProcessing/Materials/M_ReflectionDemo_Metallic_1.uexp" 717
"D:/UnrealEngine/Github-Udemy/repositories/RollingTemplate/Content/ExampleContent/PostProcessing/Materials/M_ReflectionDemo_Metallic_2.uasset" 718
"D:/UnrealEngine/Github-Udemy/repositories/RollingTemplate/Content/ExampleContent/PostProcessing/Materials/M_ReflectionDemo_Metallic_2.uexp" 719
"D:/UnrealEngine/Github-Udemy/repositories/RollingTemplate/Content/ExampleContent/Blueprints/Materials/M_ReflectionDemo_Metallic_3.uasset" 720
"D:/UnrealEngine/Github-Udemy/repositories/RollingTemplate/Content/ExampleContent/Blueprints/Materials/M_ReflectionDemo_Metallic_3.uexp" 721
"D:/UnrealEngine/Github-Udemy/repositories/RollingTemplate/Content/ExampleContent/Blueprints/Meshes/SM_Gear.uasset" 722
"D:/UnrealEngine/Github-Udemy/repositories/RollingTemplate/Content/ExampleContent/Blueprints/Meshes/SM_Gear.uexp" 723
"D:/UnrealEngine/Github-Udemy/repositories/RollingTemplate/Content/InfinityBladeEffects/Effects/FX_Treasure/Gold_Bag/P_GoldSparkle_Bag_Lo_2.uasset" 724
"D:/UnrealEngine/Github-Udemy/repositories/RollingTemplate/Content/InfinityBladeEffects/Effects/FX_Treasure/Gold_Bag/P_GoldSparkle_Bag_Lo_2.uexp" 725
"D:/UnrealEngine/Github-Udemy/repositories/RollingTemplate/Content/_Game/Blueprints/RollingBall/BP_Gears.uasset" 726
"D:/UnrealEngine/Github-Udemy/repositories/RollingTemplate/Content/_Game/Blueprints/RollingBall/BP_Gears.uexp" 727
"D:/UnrealEngine/Github-Udemy/repositories/RollingTemplate/Content/_Game/Blueprints/RollingBall/BP_Fence.uasset" 728
"D:/UnrealEngine/Github-Udemy/repositories/RollingTemplate/Content/_Game/Blueprints/RollingBall/BP_Fence.uexp" 729
"../../../Engine/Content/EngineSky/M_SimpleSkyDome.uasset" 730
"../../../Engine/Content/EngineSky/M_SimpleSkyDome.uexp" 731
"D:/UnrealEngine/Github-Udemy/repositories/RollingTemplate/Content/Retro_8Bit_Sounds/Powerup/Wavs/retro_powerup_collect_21.ubulk" 732
"D:/UnrealEngine/Github-Udemy/repositories/RollingTemplate/Content/Retro_8Bit_Sounds/Powerup/Wavs/retro_powerup_collect_21.uasset" 733
"D:/UnrealEngine/Github-Udemy/repositories/RollingTemplate/Content/Retro_8Bit_Sounds/Powerup/Wavs/retro_powerup_collect_21.uexp" 734
"D:/UnrealEngine/Github-Udemy/repositories/RollingTemplate/Content/Retro_8Bit_Sounds/Powerup/Cues/retro_powerup_collect_21_Cue.uasset" 735
"D:/UnrealEngine/Github-Udemy/repositories/RollingTemplate/Content/Retro_8Bit_Sounds/Powerup/Cues/retro_powerup_collect_21_Cue.uexp" 736
"D:/UnrealEngine/Github-Udemy/repositories/RollingTemplate/Content/StarterContent/Materials/M_Basic_Wall.uasset" 737
"D:/UnrealEngine/Github-Udemy/repositories/RollingTemplate/Content/StarterContent/Materials/M_Basic_Wall.uexp" 738
"D:/UnrealEngine/Github-Udemy/repositories/RollingTemplate/Content/StarterContent/Shapes/Shape_Wedge_B.uasset" 739
"D:/UnrealEngine/Github-Udemy/repositories/RollingTemplate/Content/StarterContent/Shapes/Shape_Wedge_B.uexp" 740
"D:/UnrealEngine/Github-Udemy/repositories/RollingTemplate/Content/_Game/Maps/Level_1.uexp" 741
"D:/UnrealEngine/Github-Udemy/repositories/RollingTemplate/Content/_Game/Maps/Level_1.umap" 742
"../../../Engine/Content/Maps/Entry_BuiltData.uasset" 743
"../../../Engine/Content/Maps/Entry_BuiltData.uexp" 744
"../../../Engine/Content/Maps/Entry.uexp" 745
"../../../Engine/Content/Maps/Entry.umap" 746
